Línea 280: la clase ACTIVESKINLibCtl.SkinLabel del control SkinLabel15 no era una clase de control cargada.
Línea 288: la clase ACTIVESKINLibCtl.SkinLabel del control SkinLabel14 no era una clase de control cargada.
Línea 296: la clase ACTIVESKINLibCtl.SkinLabel del control SkinLabel13 no era una clase de control cargada.
Línea 304: la clase ACTIVESKINLibCtl.SkinLabel del control SkinLabel16 no era una clase de control cargada.
Línea 312: la clase ACTIVESKINLibCtl.SkinLabel del control SkinLabel17 no era una clase de control cargada.
Línea 320: la clase ACTIVESKINLibCtl.SkinLabel del control SkinLabel18 no era una clase de control cargada.
Línea 328: la clase ACTIVESKINLibCtl.SkinLabel del control SkinLabel19 no era una clase de control cargada.
Línea 336: la clase ACTIVESKINLibCtl.SkinLabel del control SkinLabel20 no era una clase de control cargada.
Línea 344: la clase ACTIVESKINLibCtl.SkinLabel del control SkinLabel21 no era una clase de control cargada.
Línea 444: la clase ACTIVESKINLibCtl.SkinLabel del control SkinLabel10 no era una clase de control cargada.
Línea 452: la clase ACTIVESKINLibCtl.SkinLabel del control SkinLabel11 no era una clase de control cargada.
Línea 460: la clase ACTIVESKINLibCtl.SkinLabel del control SkinLabel12 no era una clase de control cargada.
Línea 468: la clase ACTIVESKINLibCtl.SkinLabel del control SkinLabel1 no era una clase de control cargada.
Línea 724: la clase ACTIVESKINLibCtl.SkinLabel del control SkinLabel4 no era una clase de control cargada.
Línea 732: la clase ACTIVESKINLibCtl.SkinLabel del control SkinLabel5 no era una clase de control cargada.
Línea 740: la clase ACTIVESKINLibCtl.SkinLabel del control SkinLabel6 no era una clase de control cargada.
Línea 748: la clase ACTIVESKINLibCtl.SkinLabel del control lblRojas no era una clase de control cargada.
Línea 756: la clase ACTIVESKINLibCtl.SkinLabel del control SkinLabel7 no era una clase de control cargada.
Línea 764: la clase ACTIVESKINLibCtl.SkinLabel del control SkinLabel8 no era una clase de control cargada.
Línea 772: la clase ACTIVESKINLibCtl.SkinLabel del control SkinLabel9 no era una clase de control cargada.
Línea 780: la clase ACTIVESKINLibCtl.SkinLabel del control lblBlancas no era una clase de control cargada.
Línea 788: la clase ACTIVESKINLibCtl.SkinLabel del control lblAzules no era una clase de control cargada.
Línea 797: la clase ACTIVESKINLibCtl.Skin del control Skin1 no era una clase de control cargada.
